SF:lib\features\auth\presentation\view\login_view.dart
DA:7,1
DA:15,1
DA:17,1
DA:18,1
DA:19,1
DA:20,1
DA:21,1
DA:22,1
DA:23,1
DA:25,1
DA:26,1
DA:34,1
DA:35,1
DA:37,1
DA:42,0
DA:43,0
DA:49,1
DA:50,1
DA:52,1
DA:54,1
DA:57,0
DA:58,0
DA:64,1
DA:65,1
DA:66,0
DA:67,0
DA:68,0
DA:69,0
DA:71,0
DA:72,0
DA:107,1
DA:109,0
DA:110,0
DA:111,0
DA:112,0
LF:35
LH:21
end_of_record
SF:lib\app\constants\api_endpoints.dart
DA:2,0
LF:1
LH:0
end_of_record
SF:lib\app\constants\hive_table_constant.dart
DA:2,0
LF:1
LH:0
end_of_record
SF:lib\app\di\di.dart
DA:35,0
DA:37,0
DA:39,0
DA:40,0
DA:41,0
DA:42,0
DA:43,0
DA:44,0
DA:45,0
DA:46,0
DA:48,0
DA:51,0
DA:52,0
DA:53,0
DA:56,0
DA:58,0
DA:59,0
DA:63,0
DA:64,0
DA:67,0
DA:70,0
DA:71,0
DA:74,0
DA:75,0
DA:80,0
DA:81,0
DA:83,0
DA:84,0
DA:88,0
DA:89,0
DA:90,0
DA:94,0
DA:95,0
DA:96,0
DA:100,0
DA:101,0
DA:102,0
DA:103,0
DA:104,0
DA:105,0
DA:110,0
DA:113,0
DA:114,0
DA:116,0
DA:117,0
DA:121,0
DA:122,0
DA:123,0
DA:125,0
DA:126,0
DA:127,0
DA:132,0
DA:133,0
DA:134,0
DA:138,0
DA:139,0
DA:140,0
DA:144,0
DA:145,0
DA:146,0
DA:152,0
DA:153,0
DA:154,0
DA:155,0
DA:156,0
DA:161,0
DA:163,0
DA:164,0
DA:166,0
DA:167,0
DA:168,0
DA:174,0
DA:175,0
DA:177,0
DA:178,0
DA:179,0
DA:185,0
DA:186,0
DA:189,0
DA:190,0
DA:193,0
DA:194,0
DA:195,0
DA:196,0
DA:201,0
DA:202,0
DA:203,0
DA:204,0
DA:205,0
DA:210,0
DA:211,0
DA:212,0
DA:216,0
DA:218,0
DA:219,0
DA:223,0
DA:224,0
DA:225,0
DA:226,0
DA:230,0
DA:231,0
DA:232,0
DA:233,0
DA:234,0
DA:239,0
DA:240,0
DA:241,0
LF:107
LH:0
end_of_record
SF:lib\app\shared_prefs\token_shared_prefs.dart
DA:8,0
DA:10,0
DA:12,0
DA:13,0
DA:15,0
DA:19,0
DA:21,0
DA:22,0
DA:24,0
LF:9
LH:0
end_of_record
SF:lib\core\network\api_service.dart
DA:9,0
DA:11,0
DA:12,0
DA:13,0
DA:14,0
DA:15,0
DA:16,0
DA:17,0
DA:19,0
LF:9
LH:0
end_of_record
SF:lib\core\network\hive_service.dart
DA:9,0
DA:11,0
DA:12,0
DA:14,0
DA:17,0
DA:18,0
DA:19,0
DA:23,0
DA:24,0
DA:25,0
DA:28,0
DA:29,0
DA:30,0
DA:33,0
DA:35,0
DA:36,0
DA:37,0
DA:41,0
DA:42,0
DA:43,0
DA:46,0
DA:47,0
DA:48,0
DA:51,0
DA:52,0
DA:53,0
DA:57,0
DA:58,0
DA:59,0
DA:62,0
DA:63,0
DA:64,0
DA:67,0
DA:68,0
DA:69,0
DA:73,0
DA:74,0
DA:75,0
DA:76,0
DA:77,0
DA:81,0
DA:82,0
DA:83,0
DA:84,0
DA:88,0
DA:89,0
DA:92,0
DA:93,0
LF:48
LH:0
end_of_record
SF:lib\features\auth\data\data_source\local_data_source\auth_local_datasource.dart
DA:12,0
DA:14,0
DA:17,0
DA:23,0
DA:24,0
DA:30,0
DA:33,0
DA:34,0
DA:36,0
DA:40,0
DA:44,0
DA:46,0
DA:47,0
DA:49,0
DA:53,0
DA:55,0
LF:16
LH:0
end_of_record
SF:lib\features\auth\data\data_source\remote_data_source\auth_remote_datasource.dart
DA:11,0
DA:13,0
DA:16,0
DA:18,0
DA:19,0
DA:20,0
DA:21,0
DA:22,0
DA:23,0
DA:24,0
DA:25,0
DA:27,0
DA:31,0
DA:34,0
DA:36,0
DA:37,0
DA:39,0
DA:43,0
DA:46,0
DA:49,0
DA:52,0
DA:54,0
DA:60,0
DA:61,0
DA:64,0
DA:66,0
DA:67,0
DA:69,0
DA:73,0
DA:76,0
DA:77,0
DA:78,0
DA:79,0
DA:80,0
DA:86,0
DA:91,0
DA:93,0
DA:97,0
DA:99,0
DA:100,0
DA:102,0
LF:41
LH:0
end_of_record
SF:lib\features\auth\data\repository\auth_local_repository\auth_local_repository.dart
DA:12,0
DA:14,0
DA:17,0
DA:18,0
DA:20,0
DA:24,0
DA:30,0
DA:31,0
DA:33,0
DA:37,0
DA:40,0
DA:42,0
DA:46,0
DA:49,0
LF:14
LH:0
end_of_record
SF:lib\features\auth\data\repository\auth_remote_repository\auth_remote_repository.dart
DA:12,0
DA:14,0
DA:17,0
DA:18,0
DA:20,0
DA:24,0
DA:27,0
DA:30,0
DA:35,0
DA:36,0
DA:38,0
DA:42,0
DA:45,0
DA:46,0
DA:48,0
LF:15
LH:0
end_of_record
SF:lib\features\auth\domain\use_case\login_usecase.dart
DA:12,0
DA:18,0
DA:22,0
DA:23,0
DA:30,0
DA:32,0
DA:35,0
DA:36,0
DA:37,0
DA:38,0
DA:39,0
DA:40,0
DA:41,0
DA:42,0
DA:43,0
DA:45,0
LF:16
LH:0
end_of_record
SF:lib\features\auth\domain\use_case\register_user_usecase.dart
DA:20,0
DA:32,0
DA:43,0
DA:45,0
DA:51,0
DA:53,0
DA:55,0
DA:56,0
DA:57,0
DA:58,0
DA:59,0
DA:60,0
DA:61,0
DA:62,0
DA:63,0
DA:65,0
LF:16
LH:0
end_of_record
SF:lib\features\auth\domain\use_case\upload_image_usecase.dart
DA:11,0
DA:20,0
DA:22,0
DA:24,0
LF:4
LH:0
end_of_record
SF:lib\features\auth\presentation\view_model\login\login_state.dart
DA:7,0
DA:12,0
DA:16,0
DA:20,0
DA:21,0
DA:22,0
LF:6
LH:0
end_of_record
SF:lib\features\auth\presentation\view_model\login\login_event.dart
DA:4,0
DA:6,0
DA:7,0
DA:14,0
DA:24,0
DA:35,0
LF:6
LH:0
end_of_record
SF:lib\features\auth\presentation\view_model\login\login_bloc.dart
DA:21,0
DA:28,0
DA:29,0
DA:30,0
DA:31,0
DA:32,0
DA:33,0
DA:34,0
DA:35,0
DA:36,0
DA:37,0
DA:38,0
DA:40,0
DA:47,0
DA:48,0
DA:49,0
DA:50,0
DA:51,0
DA:52,0
DA:53,0
DA:54,0
DA:61,0
DA:62,0
DA:63,0
DA:64,0
DA:65,0
DA:66,0
DA:67,0
DA:71,0
DA:72,0
DA:73,0
DA:74,0
DA:75,0
DA:80,0
DA:81,0
DA:82,0
DA:83,0
DA:84,0
DA:85,0
LF:39
LH:0
end_of_record
SF:lib\features\auth\presentation\view_model\signup\register_event.dart
DA:4,0
DA:6,0
DA:7,0
DA:15,0
DA:31,0
LF:5
LH:0
end_of_record
SF:lib\features\auth\presentation\view_model\signup\register_state.dart
DA:8,0
DA:14,0
DA:19,0
DA:24,0
DA:25,0
DA:26,0
DA:27,0
DA:31,0
DA:32,0
LF:9
LH:0
end_of_record
SF:lib\features\auth\presentation\view_model\signup\register_bloc.dart
DA:23,0
DA:32,0
DA:33,0
DA:34,0
DA:35,0
DA:37,0
DA:40,0
DA:44,0
DA:45,0
DA:46,0
DA:47,0
DA:50,0
DA:54,0
DA:55,0
DA:56,0
DA:57,0
DA:58,0
DA:59,0
DA:60,0
DA:61,0
DA:62,0
DA:63,0
DA:66,0
DA:67,0
DA:68,0
DA:69,0
DA:70,0
DA:72,0
DA:73,0
DA:74,0
DA:75,0
DA:80,0
DA:84,0
DA:85,0
DA:86,0
DA:87,0
DA:91,0
DA:92,0
DA:93,0
DA:94,0
LF:40
LH:0
end_of_record
SF:lib\features\batch\data\data_source\local_datasource\batch_local_data_source.dart
DA:9,0
DA:11,0
DA:15,0
DA:16,0
DA:18,0
DA:22,0
DA:25,0
DA:27,0
DA:31,0
DA:34,0
DA:35,0
DA:36,0
DA:40,0
LF:13
LH:0
end_of_record
SF:lib\features\batch\data\data_source\remote_datasource\batch_remote_datasource.dart
DA:11,0
DA:15,0
DA:19,0
DA:20,0
DA:22,0
DA:24,0
DA:27,0
DA:29,0
DA:30,0
DA:32,0
DA:36,0
DA:39,0
DA:40,0
DA:41,0
DA:42,0
DA:43,0
DA:48,0
DA:51,0
DA:53,0
DA:54,0
DA:56,0
DA:60,0
DA:63,0
DA:64,0
DA:65,0
DA:66,0
DA:68,0
DA:70,0
DA:71,0
DA:73,0
LF:30
LH:0
end_of_record
SF:lib\features\batch\data\repository\batch_local_repository.dart
DA:10,0
DA:13,0
DA:16,0
DA:17,0
DA:19,0
DA:23,0
DA:26,0
DA:27,0
DA:29,0
DA:33,0
DA:36,0
DA:37,0
DA:38,0
DA:42,0
LF:14
LH:0
end_of_record
SF:lib\features\batch\data\repository\batch_remote_repository.dart
DA:10,0
DA:12,0
DA:15,0
DA:16,0
DA:18,0
DA:19,0
DA:20,0
DA:26,0
DA:29,0
DA:30,0
DA:32,0
DA:33,0
DA:34,0
DA:40,0
DA:43,0
DA:44,0
DA:46,0
DA:47,0
DA:48,0
LF:19
LH:0
end_of_record
SF:lib\features\batch\domain\use_case\create_batch_usecase.dart
DA:11,0
DA:14,0
DA:16,0
DA:17,0
DA:23,0
DA:25,0
DA:27,0
DA:28,0
DA:29,0
LF:9
LH:0
end_of_record
SF:lib\features\batch\domain\use_case\delete_batch_usecase.dart
DA:11,0
DA:13,0
DA:15,0
DA:16,0
DA:17,0
DA:25,0
DA:30,0
DA:33,0
DA:34,0
DA:35,0
DA:36,0
DA:37,0
LF:12
LH:0
end_of_record
SF:lib\features\batch\domain\use_case\get_all_batch_usecase.dart
DA:10,0
DA:12,0
DA:14,0
LF:3
LH:0
end_of_record
SF:lib\features\batch\presentation\view_model\batch_event.dart
DA:5,0
DA:7,0
DA:8,0
DA:15,0
DA:17,0
DA:18,0
DA:24,0
DA:26,0
DA:27,0
LF:9
LH:0
end_of_record
SF:lib\features\batch\presentation\view_model\batch_state.dart
DA:8,0
DA:14,0
DA:15,0
DA:16,0
DA:21,0
DA:26,0
DA:27,0
DA:28,0
DA:33,0
DA:34,0
LF:10
LH:0
end_of_record
SF:lib\features\batch\presentation\view_model\batch_bloc.dart
DA:17,0
DA:24,0
DA:25,0
DA:26,0
DA:27,0
DA:30,0
DA:33,0
DA:35,0
DA:36,0
DA:37,0
DA:38,0
DA:39,0
DA:40,0
DA:44,0
DA:45,0
DA:46,0
DA:47,0
DA:48,0
DA:49,0
DA:50,0
DA:51,0
DA:52,0
DA:53,0
DA:58,0
DA:60,0
DA:61,0
DA:62,0
DA:63,0
DA:64,0
DA:65,0
DA:66,0
DA:67,0
DA:68,0
LF:33
LH:0
end_of_record
SF:lib\features\course\data\data_source\local_datasource\course_local_data_source.dart
DA:10,0
DA:13,0
DA:17,0
DA:18,0
DA:20,0
DA:24,0
DA:27,0
DA:29,0
DA:33,0
DA:36,0
DA:37,0
DA:39,0
LF:12
LH:0
end_of_record
SF:lib\features\course\data\data_source\remote_datasource\course_remote_datasource.dart
DA:11,0
DA:13,0
DA:17,0
DA:18,0
DA:20,0
DA:23,0
DA:26,0
DA:28,0
DA:29,0
DA:31,0
DA:35,0
DA:38,0
DA:41,0
DA:44,0
DA:45,0
DA:47,0
DA:49,0
DA:51,0
DA:53,0
DA:54,0
DA:56,0
LF:21
LH:0
end_of_record
SF:lib\features\course\data\repository\course_local_repository.dart
DA:10,0
DA:13,0
DA:16,0
DA:17,0
DA:19,0
DA:23,0
DA:26,0
DA:27,0
DA:29,0
DA:33,0
DA:36,0
DA:37,0
DA:38,0
DA:42,0
LF:14
LH:0
end_of_record
SF:lib\features\course\data\repository\course_remote_repository.dart
DA:10,0
DA:12,0
DA:15,0
DA:16,0
DA:18,0
DA:22,0
DA:25,0
DA:28,0
DA:31,0
DA:32,0
DA:34,0
LF:11
LH:0
end_of_record
SF:lib\features\course\domain\use_case\create_course_usecase.dart
DA:11,0
DA:14,0
DA:16,0
DA:17,0
DA:24,0
DA:27,0
DA:29,0
DA:30,0
LF:8
LH:0
end_of_record
SF:lib\features\course\domain\use_case\delete_course_usecase.dart
DA:10,0
DA:12,0
DA:14,0
DA:15,0
DA:23,0
DA:26,0
DA:28,0
LF:7
LH:0
end_of_record
SF:lib\features\course\domain\use_case\get_all_course_usecase.dart
DA:10,0
DA:13,0
DA:15,0
LF:3
LH:0
end_of_record
SF:lib\features\course\presentation\view_model\course_bloc.dart
DA:15,0
DA:22,0
DA:23,0
DA:24,0
DA:25,0
DA:27,0
DA:30,0
DA:34,0
DA:35,0
DA:36,0
DA:37,0
DA:38,0
DA:39,0
DA:43,0
DA:47,0
DA:48,0
DA:49,0
DA:50,0
DA:51,0
DA:52,0
DA:53,0
DA:54,0
DA:55,0
DA:60,0
DA:64,0
DA:65,0
DA:66,0
DA:67,0
DA:68,0
DA:69,0
DA:70,0
DA:71,0
LF:32
LH:0
end_of_record
SF:lib\features\course\presentation\view_model\course_event.dart
DA:4,0
DA:6,0
DA:7,0
DA:15,0
DA:17,0
DA:18,0
DA:24,0
DA:26,0
DA:27,0
LF:9
LH:0
end_of_record
SF:lib\features\course\presentation\view_model\course_state.dart
DA:8,0
DA:14,0
DA:15,0
DA:17,0
DA:22,0
DA:27,0
DA:28,0
DA:29,0
DA:30,0
DA:34,0
DA:35,0
LF:11
LH:0
end_of_record
SF:lib\features\home\presentation\view_model\home_cubit.dart
DA:9,0
DA:11,0
DA:12,0
DA:15,0
DA:17,0
DA:18,0
DA:19,0
DA:21,0
DA:22,0
DA:23,0
DA:24,0
LF:11
LH:0
end_of_record
SF:lib\features\splash\presentation\view_model\splash_cubit.dart
DA:7,0
DA:11,0
DA:12,0
DA:15,0
DA:16,0
DA:18,0
DA:19,0
DA:20,0
DA:21,0
LF:9
LH:0
end_of_record
SF:lib\core\error\failure.dart
DA:6,0
DA:8,0
DA:9,0
DA:13,0
DA:18,0
DA:25,0
LF:6
LH:0
end_of_record
SF:lib\core\common\snackbar\my_snackbar.dart
DA:3,0
DA:8,0
DA:10,0
DA:11,0
DA:12,0
LF:5
LH:0
end_of_record
SF:lib\core\network\dio_error_interceptor.dart
DA:4,0
DA:6,0
DA:8,0
DA:9,0
DA:10,0
DA:11,0
DA:12,0
DA:13,0
DA:16,0
DA:17,0
DA:18,0
DA:20,0
DA:25,0
DA:26,0
DA:28,0
DA:31,0
LF:16
LH:0
end_of_record
SF:lib\features\auth\data\model\auth_hive_model.dart
DA:32,0
DA:42,0
DA:45,0
DA:57,0
DA:58,0
DA:59,0
DA:60,0
DA:61,0
DA:62,0
DA:63,0
DA:64,0
DA:65,0
DA:66,0
DA:67,0
DA:72,0
DA:73,0
DA:74,0
DA:75,0
DA:76,0
DA:77,0
DA:78,0
DA:79,0
DA:80,0
DA:81,0
DA:82,0
DA:86,0
DA:88,0
LF:27
LH:0
end_of_record
SF:lib\features\auth\data\model\auth_hive_model.g.dart
DA:13,0
DA:15,0
DA:16,0
DA:17,0
DA:19,0
DA:20,0
DA:21,0
DA:22,0
DA:23,0
DA:24,0
DA:25,0
DA:26,0
DA:27,0
DA:28,0
DA:32,0
DA:35,0
DA:36,0
DA:37,0
DA:38,0
DA:39,0
DA:40,0
DA:41,0
DA:42,0
DA:43,0
DA:44,0
DA:45,0
DA:46,0
DA:47,0
DA:48,0
DA:49,0
DA:50,0
DA:51,0
DA:52,0
DA:53,0
DA:56,0
DA:57,0
DA:59,0
DA:62,0
DA:63,0
DA:64,0
LF:40
LH:0
end_of_record
SF:lib\features\batch\data\model\batch_hive_model.dart
DA:16,0
DA:19,0
DA:22,1
DA:27,0
DA:28,0
DA:29,0
DA:30,0
DA:35,0
DA:36,0
DA:37,0
DA:38,0
DA:42,0
DA:43,0
LF:13
LH:1
end_of_record
SF:lib\features\batch\data\model\batch_hive_model.g.dart
DA:13,0
DA:15,0
DA:16,0
DA:17,0
DA:19,0
DA:20,0
DA:21,0
DA:25,0
DA:28,0
DA:29,0
DA:30,0
DA:31,0
DA:32,0
DA:35,0
DA:36,0
DA:38,0
DA:41,0
DA:42,0
DA:43,0
LF:19
LH:0
end_of_record
SF:lib\features\course\data\model\course_hive_model.g.dart
DA:13,0
DA:15,0
DA:16,0
DA:17,0
DA:19,0
DA:20,0
DA:21,0
DA:25,0
DA:28,0
DA:29,0
DA:30,0
DA:31,0
DA:32,0
DA:35,0
DA:36,0
DA:38,0
DA:41,0
DA:42,0
DA:43,0
LF:19
LH:0
end_of_record
SF:lib\features\course\data\model\course_hive_model.dart
DA:17,0
DA:20,0
DA:23,0
DA:28,0
DA:29,0
DA:30,0
DA:31,0
DA:36,0
DA:37,0
DA:38,0
DA:39,0
DA:44,0
DA:45,0
DA:49,0
DA:51,0
DA:52,0
DA:55,0
DA:56,0
LF:18
LH:0
end_of_record
SF:lib\features\auth\domain\entity\auth_entity.dart
DA:16,0
DA:28,0
DA:30,0
LF:3
LH:0
end_of_record
SF:lib\features\batch\domain\entity\batch_entity.dart
DA:7,0
DA:12,0
DA:13,0
LF:3
LH:0
end_of_record
SF:lib\features\course\domain\entity\course_entity.dart
DA:7,0
DA:12,0
DA:13,0
LF:3
LH:0
end_of_record
SF:lib\features\auth\presentation\view\register_view.dart
DA:17,0
DA:19,0
DA:20,0
DA:36,0
DA:37,0
DA:38,0
DA:39,0
DA:44,0
DA:46,0
DA:48,0
DA:49,0
DA:51,0
DA:52,0
DA:59,0
DA:63,0
DA:65,0
DA:66,0
DA:67,0
DA:70,0
DA:71,0
DA:72,0
DA:74,0
DA:75,0
DA:76,0
DA:77,0
DA:78,0
DA:79,0
DA:80,0
DA:81,0
DA:89,0
DA:91,0
DA:93,0
DA:94,0
DA:95,0
DA:96,0
DA:97,0
DA:98,0
DA:103,0
DA:104,0
DA:105,0
DA:106,0
DA:116,0
DA:119,0
DA:121,0
DA:122,0
DA:132,0
DA:133,0
DA:137,0
DA:138,0
DA:144,0
DA:145,0
DA:146,0
DA:150,0
DA:151,0
DA:157,0
DA:158,0
DA:159,0
DA:163,0
DA:164,0
DA:170,0
DA:171,0
DA:172,0
DA:173,0
DA:174,0
DA:176,0
DA:178,0
DA:179,0
DA:180,0
DA:182,0
DA:186,0
DA:194,0
DA:195,0
DA:196,0
DA:197,0
DA:200,0
DA:202,0
DA:203,0
DA:204,0
DA:206,0
DA:209,0
DA:216,0
DA:217,0
DA:218,0
DA:220,0
DA:221,0
DA:224,0
DA:226,0
DA:227,0
DA:235,0
DA:236,0
DA:237,0
DA:241,0
DA:242,0
DA:248,0
DA:249,0
DA:250,0
DA:252,0
DA:255,0
DA:256,0
DA:262,0
DA:263,0
DA:265,0
DA:266,0
DA:267,0
DA:269,0
DA:270,0
DA:271,0
DA:272,0
DA:274,0
DA:275,0
DA:276,0
DA:277,0
DA:278,0
DA:279,0
DA:280,0
LF:115
LH:0
end_of_record
SF:lib\features\home\presentation\view\home_view.dart
DA:8,0
DA:12,0
DA:14,0
DA:15,0
DA:18,0
DA:19,0
DA:21,0
DA:23,0
DA:29,0
DA:32,0
DA:33,0
DA:34,0
DA:44,0
DA:45,0
DA:47,0
DA:48,0
DA:49,0
DA:68,0
DA:70,0
DA:71,0
LF:20
LH:0
end_of_record
SF:lib\features\batch\data\dto\get_all_batch_dto.dart
DA:12,0
DA:18,0
DA:20,0
DA:21,0
LF:4
LH:0
end_of_record
SF:lib\features\batch\data\dto\get_all_batch_dto.g.dart
DA:9,0
DA:10,0
DA:11,0
DA:12,0
DA:13,0
DA:14,0
DA:15,0
DA:18,0
DA:19,0
DA:20,0
DA:21,0
DA:22,0
LF:12
LH:0
end_of_record
SF:lib\features\batch\data\model\batch_api_model.dart
DA:11,0
DA:16,0
DA:21,0
DA:22,0
DA:23,0
DA:24,0
DA:29,0
DA:30,0
DA:31,0
DA:32,0
DA:37,0
DA:38,0
DA:39,0
DA:43,0
DA:44,0
DA:48,0
DA:49,0
DA:51,0
DA:52,0
DA:53,0
DA:54,0
LF:21
LH:0
end_of_record
SF:lib\features\batch\presentation\view\batch_view.dart
DA:7,0
DA:13,0
DA:15,0
DA:16,0
DA:18,0
DA:19,0
DA:20,0
DA:22,0
DA:23,0
DA:24,0
DA:28,0
DA:29,0
DA:35,0
DA:36,0
DA:37,0
DA:38,0
DA:39,0
DA:40,0
DA:44,0
DA:46,0
DA:47,0
DA:48,0
DA:49,0
DA:50,0
DA:51,0
DA:52,0
DA:53,0
DA:55,0
DA:59,0
DA:60,0
DA:61,0
DA:62,0
DA:63,0
DA:64,0
DA:65,0
DA:66,0
DA:67,0
DA:68,0
DA:69,0
DA:71,0
DA:72,0
DA:73,0
DA:74,0
DA:75,0
DA:76,0
DA:77,0
DA:78,0
DA:79,0
DA:80,0
DA:83,0
DA:84,0
DA:85,0
DA:86,0
DA:87,0
DA:88,0
DA:92,0
LF:56
LH:0
end_of_record
SF:lib\features\course\data\dto\get_all_course_dto.dart
DA:12,0
DA:18,0
DA:19,0
DA:21,0
LF:4
LH:0
end_of_record
SF:lib\features\course\data\dto\get_all_course_dto.g.dart
DA:9,0
DA:10,0
DA:11,0
DA:12,0
DA:13,0
DA:14,0
DA:15,0
DA:18,0
DA:19,0
DA:20,0
DA:21,0
DA:22,0
LF:12
LH:0
end_of_record
SF:lib\features\course\data\model\course_api_model.dart
DA:13,0
DA:18,0
DA:19,0
DA:21,0
DA:26,0
DA:27,0
DA:28,0
DA:29,0
DA:34,0
DA:35,0
DA:36,0
DA:37,0
DA:42,0
DA:43,0
DA:47,0
DA:49,0
DA:50,0
DA:53,0
DA:54,0
LF:19
LH:0
end_of_record
SF:lib\features\course\data\model\course_api_model.g.dart
DA:9,0
DA:10,0
DA:11,0
DA:12,0
DA:15,0
DA:16,0
DA:17,0
DA:18,0
LF:8
LH:0
end_of_record
SF:lib\features\course\presentation\view\course_view.dart
DA:6,0
DA:12,0
DA:14,0
DA:15,0
DA:17,0
DA:18,0
DA:19,0
DA:21,0
DA:22,0
DA:23,0
DA:27,0
DA:28,0
DA:34,0
DA:35,0
DA:36,0
DA:37,0
DA:38,0
DA:39,0
DA:43,0
DA:45,0
DA:46,0
DA:47,0
DA:48,0
DA:49,0
DA:50,0
DA:51,0
DA:53,0
DA:54,0
DA:55,0
DA:56,0
DA:57,0
DA:58,0
DA:59,0
DA:60,0
DA:61,0
DA:62,0
DA:63,0
DA:64,0
DA:65,0
LF:39
LH:0
end_of_record
SF:lib\features\home\presentation\view_model\home_state.dart
DA:14,0
DA:20,0
DA:21,0
DA:23,0
DA:27,0
DA:28,0
DA:29,0
DA:31,0
DA:32,0
DA:33,0
DA:42,0
DA:46,0
DA:47,0
DA:48,0
DA:52,0
DA:53,0
LF:16
LH:0
end_of_record
